[2023-02-24T18:24:21.846] [WARN] default - GET /favicon.ico
[2023-02-24T18:25:14.266] [WARN] default - Users no encontrado
[2023-02-24T18:25:14.962] [WARN] default - Carts no encontrado
[2023-02-24T18:25:15.311] [WARN] default - GET /undefined
[2023-02-24T18:59:39.324] [WARN] default - GET /favicon.ico
[2023-02-24T18:59:59.779] [WARN] default - GET /undefined
[2023-02-24T19:00:03.617] [WARN] default - GET /undefined
[2023-02-24T19:00:07.680] [WARN] default - GET /undefined
[2023-02-24T19:00:10.700] [WARN] default - GET /undefined
[2023-02-24T19:00:16.039] [WARN] default - GET /undefined
[2023-02-24T19:15:45.478] [WARN] default - Users no encontrado
[2023-02-24T19:15:45.479] [WARN] default - Usuario no encontrado
[2023-02-24T19:16:05.949] [WARN] default - Users no encontrado
[2023-02-24T19:17:06.223] [WARN] default - Users no encontrado
[2023-02-24T19:17:06.734] [WARN] default - Carts no encontrado
[2023-02-24T19:24:10.028] [WARN] default - GET /undefined
[2023-02-24T19:24:37.170] [WARN] default - GET /undefined
[2023-02-24T19:25:09.686] [WARN] default - GET /undefined
[2023-02-24T19:25:32.446] [WARN] default - GET /undefined
[2023-02-24T19:26:44.506] [WARN] default - GET /undefined
[2023-02-24T19:27:15.368] [WARN] default - GET /undefined
[2023-02-24T19:27:30.896] [WARN] default - GET /undefined
[2023-02-24T19:30:29.716] [WARN] default - GET /undefined
[2023-02-24T19:41:30.164] [WARN] default - Carts no encontrado
